Configuring clientsession-0.9.1.1...
Building clientsession-0.9.1.1...
Preprocessing library clientsession-0.9.1.1...
[1 of 2] Compiling System.LookupEnv ( src/System/LookupEnv.hs, .stack-work/dist/x86_64-linux/Cabal-1.18.1.5/build/System/LookupEnv.o )
[2 of 2] Compiling Web.ClientSession ( src/Web/ClientSession.hs, .stack-work/dist/x86_64-linux/Cabal-1.18.1.5/build/Web/ClientSession.o )

src/Web/ClientSession.hs:91:1: Warning:
    The import of ‘Data.Tagged’ is redundant
      except perhaps to import instances from ‘Data.Tagged’
    To import instances alone, use: import Data.Tagged()

src/Web/ClientSession.hs:95:1: Warning:
    The import of ‘Crypto.Random’ is redundant
      except perhaps to import instances from ‘Crypto.Random’
    To import instances alone, use: import Crypto.Random()

src/Web/ClientSession.hs:96:1: Warning:
    The import of ‘Crypto.Types’ is redundant
      except perhaps to import instances from ‘Crypto.Types’
    To import instances alone, use: import Crypto.Types()

src/Web/ClientSession.hs:267:37: Warning:
    In the use of ‘A.initKey’ (imported from Crypto.Cipher.AES):
    Deprecated: "use initAES"
[1 of 2] Compiling System.LookupEnv ( src/System/LookupEnv.hs, .stack-work/dist/x86_64-linux/Cabal-1.18.1.5/build/System/LookupEnv.p_o )
[2 of 2] Compiling Web.ClientSession ( src/Web/ClientSession.hs, .stack-work/dist/x86_64-linux/Cabal-1.18.1.5/build/Web/ClientSession.p_o )

src/Web/ClientSession.hs:91:1: Warning:
    The import of ‘Data.Tagged’ is redundant
      except perhaps to import instances from ‘Data.Tagged’
    To import instances alone, use: import Data.Tagged()

src/Web/ClientSession.hs:95:1: Warning:
    The import of ‘Crypto.Random’ is redundant
      except perhaps to import instances from ‘Crypto.Random’
    To import instances alone, use: import Crypto.Random()

src/Web/ClientSession.hs:96:1: Warning:
    The import of ‘Crypto.Types’ is redundant
      except perhaps to import instances from ‘Crypto.Types’
    To import instances alone, use: import Crypto.Types()

src/Web/ClientSession.hs:267:37: Warning:
    In the use of ‘A.initKey’ (imported from Crypto.Cipher.AES):
    Deprecated: "use initAES"
In-place registering clientsession-0.9.1.1...
Preprocessing executable 'clientsession-generate' for clientsession-0.9.1.1...
[1 of 1] Compiling Main             ( bin/generate.hs, .stack-work/dist/x86_64-linux/Cabal-1.18.1.5/build/clientsession-generate/clientsession-generate-tmp/Main.p_o )
Linking .stack-work/dist/x86_64-linux/Cabal-1.18.1.5/build/clientsession-generate/clientsession-generate ...
Installing library in
/home/anand/.stack/snapshots/x86_64-linux/lts-2.17/7.8.4/lib/x86_64-linux-ghc-7.8.4/clientsession-0.9.1.1
Installing executable(s) in
/home/anand/.stack/snapshots/x86_64-linux/lts-2.17/7.8.4/bin
Registering clientsession-0.9.1.1...
