Configuring persistent-mysql-2.1.3.1...
Building persistent-mysql-2.1.3.1...
Preprocessing library persistent-mysql-2.1.3.1...
[1 of 1] Compiling Database.Persist.MySQL ( Database/Persist/MySQL.hs, .stack-work/dist/x86_64-linux/Cabal-1.18.1.5/build/Database/Persist/MySQL.o )

Database/Persist/MySQL.hs:54:1: Warning:
    The import of ‘MonadResource’
    from module ‘Control.Monad.Trans.Resource’ is redundant

Database/Persist/MySQL.hs:97:45: Warning:
    In the use of type constructor or class ‘Connection’
    (imported from Database.Persist.Sql, but defined in persistent-2.1.6:Database.Persist.Sql.Types):
    Deprecated: "Please use SqlBackend instead"

Database/Persist/MySQL.hs:306:66: Warning:
    Defined but not used: ‘a’

Database/Persist/MySQL.hs:608:62: Warning:
    Defined but not used: ‘defConstraintName’

Database/Persist/MySQL.hs:613:29: Warning:
    Defined but not used: ‘b’

Database/Persist/MySQL.hs:615:38: Warning:
    Defined but not used: ‘defConstraintName'’

Database/Persist/MySQL.hs:621:50: Warning:
    Defined but not used: ‘cname’

Database/Persist/MySQL.hs:643:31: Warning:
    Defined but not used: ‘defConstraintName’
[1 of 1] Compiling Database.Persist.MySQL ( Database/Persist/MySQL.hs, .stack-work/dist/x86_64-linux/Cabal-1.18.1.5/build/Database/Persist/MySQL.p_o )

Database/Persist/MySQL.hs:54:1: Warning:
    The import of ‘MonadResource’
    from module ‘Control.Monad.Trans.Resource’ is redundant

Database/Persist/MySQL.hs:97:45: Warning:
    In the use of type constructor or class ‘Connection’
    (imported from Database.Persist.Sql, but defined in persistent-2.1.6:Database.Persist.Sql.Types):
    Deprecated: "Please use SqlBackend instead"

Database/Persist/MySQL.hs:306:66: Warning:
    Defined but not used: ‘a’

Database/Persist/MySQL.hs:608:62: Warning:
    Defined but not used: ‘defConstraintName’

Database/Persist/MySQL.hs:613:29: Warning:
    Defined but not used: ‘b’

Database/Persist/MySQL.hs:615:38: Warning:
    Defined but not used: ‘defConstraintName'’

Database/Persist/MySQL.hs:621:50: Warning:
    Defined but not used: ‘cname’

Database/Persist/MySQL.hs:643:31: Warning:
    Defined but not used: ‘defConstraintName’
In-place registering persistent-mysql-2.1.3.1...
Installing library in
/home/anand/.stack/snapshots/x86_64-linux/lts-2.17/7.8.4/lib/x86_64-linux-ghc-7.8.4/persistent-mysql-2.1.3.1
Registering persistent-mysql-2.1.3.1...
