0 info it worked if it ends with ok
1 verbose cli [ '/home/hal/.nvm/versions/node/v0.12.0/bin/node',
1 verbose cli   '/home/hal/.nvm/versions/node/v0.12.0/bin/npm',
1 verbose cli   'install',
1 verbose cli   '--save',
1 verbose cli   'sheetjs',
1 verbose cli   'xlsx' ]
2 info using npm@2.5.1
3 info using node@v0.12.0
4 silly cache add args [ 'sheetjs', null ]
5 verbose cache add spec sheetjs
6 silly cache add args [ 'xlsx', null ]
7 verbose cache add spec xlsx
8 silly cache add parsed spec { raw: 'sheetjs',
8 silly cache add   scope: null,
8 silly cache add   name: 'sheetjs',
8 silly cache add   rawSpec: '',
8 silly cache add   spec: '*',
8 silly cache add   type: 'range' }
9 verbose addNamed sheetjs@*
10 silly addNamed semver.valid null
11 silly addNamed semver.validRange *
12 silly addNameRange { name: 'sheetjs', range: '*', hasData: false }
13 silly mapToRegistry name sheetjs
14 silly mapToRegistry using default registry
15 silly mapToRegistry registry https://registry.npmjs.org/
16 silly mapToRegistry uri https://registry.npmjs.org/sheetjs
17 verbose addNameRange registry:https://registry.npmjs.org/sheetjs not in flight; fetching
18 silly cache add parsed spec { raw: 'xlsx',
18 silly cache add   scope: null,
18 silly cache add   name: 'xlsx',
18 silly cache add   rawSpec: '',
18 silly cache add   spec: '*',
18 silly cache add   type: 'range' }
19 verbose addNamed xlsx@*
20 silly addNamed semver.valid null
21 silly addNamed semver.validRange *
22 silly addNameRange { name: 'xlsx', range: '*', hasData: false }
23 silly mapToRegistry name xlsx
24 silly mapToRegistry using default registry
25 silly mapToRegistry registry https://registry.npmjs.org/
26 silly mapToRegistry uri https://registry.npmjs.org/xlsx
27 verbose addNameRange registry:https://registry.npmjs.org/xlsx not in flight; fetching
28 verbose request uri https://registry.npmjs.org/sheetjs
29 verbose request no auth needed
30 info attempt registry request try #1 at 8:49:31 PM
31 verbose request id e4c05c3c102f1363
32 http request GET https://registry.npmjs.org/sheetjs
33 verbose request uri https://registry.npmjs.org/xlsx
34 verbose request no auth needed
35 info attempt registry request try #1 at 8:49:32 PM
36 http request GET https://registry.npmjs.org/xlsx
37 http 200 https://registry.npmjs.org/xlsx
38 silly get cb [ 200,
38 silly get   { date: 'Thu, 09 Apr 2015 00:49:34 GMT',
38 silly get     server: 'CouchDB/1.5.0 (Erlang OTP/R16B03)',
38 silly get     etag: '"APSY6G19XZZA9RXWUVV9V5TMV"',
38 silly get     'content-type': 'application/json',
38 silly get     'cache-control': 'max-age=60',
38 silly get     'content-length': '80880',
38 silly get     'accept-ranges': 'bytes',
38 silly get     via: '1.1 varnish',
38 silly get     age: '40',
38 silly get     'x-served-by': 'cache-iad2126-IAD',
38 silly get     'x-cache': 'HIT',
38 silly get     'x-cache-hits': '1',
38 silly get     'x-timer': 'S1428540574.856992,VS0,VE0',
38 silly get     vary: 'Accept',
38 silly get     'keep-alive': 'timeout=10, max=50',
38 silly get     connection: 'Keep-Alive' } ]
39 verbose get saving xlsx to /home/hal/.npm/registry.npmjs.org/xlsx/.cache.json
40 silly addNameRange number 2 { name: 'xlsx', range: '*', hasData: true }
41 silly addNameRange versions [ 'xlsx',
41 silly addNameRange   [ '0.3.3',
41 silly addNameRange     '0.3.5',
41 silly addNameRange     '0.3.6',
41 silly addNameRange     '0.3.7',
41 silly addNameRange     '0.3.9',
41 silly addNameRange     '0.3.10',
41 silly addNameRange     '0.4.3',
41 silly addNameRange     '0.5.0',
41 silly addNameRange     '0.5.1',
41 silly addNameRange     '0.5.2',
41 silly addNameRange     '0.5.3',
41 silly addNameRange     '0.5.4',
41 silly addNameRange     '0.5.5',
41 silly addNameRange     '0.5.6',
41 silly addNameRange     '0.5.7',
41 silly addNameRange     '0.5.8',
41 silly addNameRange     '0.5.9',
41 silly addNameRange     '0.5.9-a',
41 silly addNameRange     '0.5.10',
41 silly addNameRange     '0.5.10-a',
41 silly addNameRange     '0.5.10-b.3',
41 silly addNameRange     '0.5.11',
41 silly addNameRange     '0.5.12',
41 silly addNameRange     '0.5.13',
41 silly addNameRange     '0.5.13-a',
41 silly addNameRange     '0.5.14',
41 silly addNameRange     '0.5.15',
41 silly addNameRange     '0.5.16',
41 silly addNameRange     '0.5.17',
41 silly addNameRange     '0.6.0',
41 silly addNameRange     '0.6.1',
41 silly addNameRange     '0.6.1-a',
41 silly addNameRange     '0.6.2',
41 silly addNameRange     '0.7.0',
41 silly addNameRange     '0.7.1',
41 silly addNameRange     '0.7.2-a',
41 silly addNameRange     '0.7.3',
41 silly addNameRange     '0.7.4',
41 silly addNameRange     '0.7.5',
41 silly addNameRange     '0.7.6-g',
41 silly addNameRange     '0.7.6-h',
41 silly addNameRange     '0.7.6-i',
41 silly addNameRange     '0.7.7',
41 silly addNameRange     '0.7.8',
41 silly addNameRange     '0.7.9',
41 silly addNameRange     '0.7.10',
41 silly addNameRange     '0.7.11',
41 silly addNameRange     '0.7.12',
41 silly addNameRange     '0.8.0' ] ]
42 verbose addNamed xlsx@0.8.0
43 silly addNamed semver.valid 0.8.0
44 silly addNamed semver.validRange 0.8.0
45 silly mapToRegistry name xlsx
46 silly mapToRegistry using default registry
47 silly mapToRegistry registry https://registry.npmjs.org/
48 silly mapToRegistry uri https://registry.npmjs.org/xlsx
49 verbose addRemoteTarball https://registry.npmjs.org/xlsx/-/xlsx-0.8.0.tgz not in flight; adding
50 verbose addRemoteTarball [ 'https://registry.npmjs.org/xlsx/-/xlsx-0.8.0.tgz',
50 verbose addRemoteTarball   '253ca61c9e1e14aa4b905dece4ce4757ace99d26' ]
51 info retry fetch attempt 1 at 8:49:32 PM
52 info attempt registry request try #1 at 8:49:32 PM
53 http fetch GET https://registry.npmjs.org/xlsx/-/xlsx-0.8.0.tgz
54 http 404 https://registry.npmjs.org/sheetjs
55 verbose headers { date: 'Thu, 09 Apr 2015 00:49:35 GMT',
55 verbose headers   server: 'CouchDB/1.5.0 (Erlang OTP/R16B03)',
55 verbose headers   'content-type': 'application/json',
55 verbose headers   'cache-control': 'max-age=0',
55 verbose headers   'content-length': '51',
55 verbose headers   'accept-ranges': 'bytes',
55 verbose headers   via: '1.1 varnish',
55 verbose headers   age: '0',
55 verbose headers   'x-served-by': 'cache-iad2121-IAD',
55 verbose headers   'x-cache': 'MISS',
55 verbose headers   'x-cache-hits': '0',
55 verbose headers   'x-timer': 'S1428540574.853226,VS0,VE355',
55 verbose headers   'keep-alive': 'timeout=10, max=50',
55 verbose headers   connection: 'Keep-Alive' }
56 silly get cb [ 404,
56 silly get   { date: 'Thu, 09 Apr 2015 00:49:35 GMT',
56 silly get     server: 'CouchDB/1.5.0 (Erlang OTP/R16B03)',
56 silly get     'content-type': 'application/json',
56 silly get     'cache-control': 'max-age=0',
56 silly get     'content-length': '51',
56 silly get     'accept-ranges': 'bytes',
56 silly get     via: '1.1 varnish',
56 silly get     age: '0',
56 silly get     'x-served-by': 'cache-iad2121-IAD',
56 silly get     'x-cache': 'MISS',
56 silly get     'x-cache-hits': '0',
56 silly get     'x-timer': 'S1428540574.853226,VS0,VE355',
56 silly get     'keep-alive': 'timeout=10, max=50',
56 silly get     connection: 'Keep-Alive' } ]
57 http fetch 200 https://registry.npmjs.org/xlsx/-/xlsx-0.8.0.tgz
58 silly fetchAndShaCheck shasum 253ca61c9e1e14aa4b905dece4ce4757ace99d26
59 verbose addTmpTarball /tmp/npm-11000-b731850a/registry.npmjs.org/xlsx/-/xlsx-0.8.0.tgz not in flight; adding
60 verbose addTmpTarball already have metadata; skipping unpack for xlsx@0.8.0
61 silly cache afterAdd xlsx@0.8.0
62 verbose afterAdd /home/hal/.npm/xlsx/0.8.0/package/package.json not in flight; writing
63 verbose afterAdd /home/hal/.npm/xlsx/0.8.0/package/package.json written
64 verbose stack Error: 404 Not Found: sheetjs
64 verbose stack     at CachingRegistryClient.<anonymous> (/home/hal/.nvm/versions/node/v0.12.0/lib/node_modules/npm/node_modules/npm-registry-client/lib/request.js:251:14)
64 verbose stack     at Request._callback (/home/hal/.nvm/versions/node/v0.12.0/lib/node_modules/npm/node_modules/npm-registry-client/lib/request.js:178:14)
64 verbose stack     at Request.self.callback (/home/hal/.nvm/versions/node/v0.12.0/lib/node_modules/npm/node_modules/request/request.js:344:22)
64 verbose stack     at Request.emit (events.js:110:17)
64 verbose stack     at Request.<anonymous> (/home/hal/.nvm/versions/node/v0.12.0/lib/node_modules/npm/node_modules/request/request.js:1239:14)
64 verbose stack     at Request.emit (events.js:129:20)
64 verbose stack     at IncomingMessage.<anonymous> (/home/hal/.nvm/versions/node/v0.12.0/lib/node_modules/npm/node_modules/request/request.js:1187:12)
64 verbose stack     at IncomingMessage.emit (events.js:129:20)
64 verbose stack     at _stream_readable.js:908:16
64 verbose stack     at process._tickCallback (node.js:355:11)
65 verbose statusCode 404
66 verbose pkgid sheetjs
67 verbose cwd /home/hal/code/alpha-sheets/sheets-main
68 error Linux 3.16.0-33-generic
69 error argv "/home/hal/.nvm/versions/node/v0.12.0/bin/node" "/home/hal/.nvm/versions/node/v0.12.0/bin/npm" "install" "--save" "sheetjs" "xlsx"
70 error node v0.12.0
71 error npm  v2.5.1
72 error code E404
73 error 404 Not Found: sheetjs
73 error 404
73 error 404 'sheetjs' is not in the npm registry.
73 error 404 You should bug the author to publish it (or use the name yourself!)
73 error 404 It was specified as a dependency of 'sheets-main'
73 error 404
73 error 404 Note that you can also install from a
73 error 404 tarball, folder, http url, or git url.
74 verbose exit [ 1, true ]
