0 info it worked if it ends with ok
1 verbose cli [ '/home/alex/.nvm/versions/node/v0.12.7/bin/node',
1 verbose cli   '/home/alex/.nvm/versions/node/v0.12.7/bin/npm',
1 verbose cli   'start' ]
2 info using npm@2.11.3
3 info using node@v0.12.7
4 verbose stack Error: ENOENT, open '/home/alex/workspace/AlphaSheets/alpha-sheets/server/package.json'
4 verbose stack     at Error (native)
5 verbose cwd /home/alex/workspace/AlphaSheets/alpha-sheets/server
6 error Linux 3.19.0-25-generic
7 error argv "/home/alex/.nvm/versions/node/v0.12.7/bin/node" "/home/alex/.nvm/versions/node/v0.12.7/bin/npm" "start"
8 error node v0.12.7
9 error npm  v2.11.3
10 error path /home/alex/workspace/AlphaSheets/alpha-sheets/server/package.json
11 error code ENOENT
12 error errno -2
13 error enoent ENOENT, open '/home/alex/workspace/AlphaSheets/alpha-sheets/server/package.json'
13 error enoent This is most likely not a problem with npm itself
13 error enoent and is related to npm not being able to find a file.
14 verbose exit [ -2, true ]
