Configuring directory-1.2.2.1...
configure: WARNING: unrecognized options: --with-compiler, --with-gcc
checking for gcc... gcc
checking whether the C compiler works... yes
checking for C compiler default output file name... a.out
checking for suffix of executables... 
checking whether we are cross compiling... no
checking for suffix of object files... o
checking whether we are using the GNU C compiler... yes
checking whether gcc accepts -g... yes
checking for gcc option to accept ISO C89... none needed
checking how to run the C preprocessor... gcc -E
checking for grep that handles long lines and -e... /bin/grep
checking for egrep... /bin/grep -E
checking for ANSI C header files... yes
checking for sys/types.h... yes
checking for sys/stat.h... yes
checking for stdlib.h... yes
checking for string.h... yes
checking for memory.h... yes
checking for strings.h... yes
checking for inttypes.h... yes
checking for stdint.h... yes
checking for unistd.h... yes
checking for sys/types.h... (cached) yes
checking for unistd.h... (cached) yes
checking for sys/stat.h... (cached) yes
configure: creating ./config.status
config.status: creating include/HsDirectoryConfig.h
configure: WARNING: unrecognized options: --with-compiler, --with-gcc
Building directory-1.2.2.1...
Preprocessing library directory-1.2.2.1...
[1 of 1] Compiling System.Directory ( System/Directory.hs, .stack-work/dist/x86_64-linux/Cabal-1.18.1.3/build/System/Directory.o )
In-place registering directory-1.2.2.1...
Installing library in
/home/anand/Development/as/backend/ws-as-instance/.stack-work/install/x86_64-linux/ghc-7.8/7.8.3/lib/x86_64-linux-ghc-7.8.3/directory-1.2.2.1
Registering directory-1.2.2.1...
