Configuring pipes-4.1.5...
Building pipes-4.1.5...
Preprocessing library pipes-4.1.5...
[1 of 6] Compiling Pipes.Internal   ( src/Pipes/Internal.hs, .stack-work/dist/x86_64-linux/Cabal-1.18.1.3/build/Pipes/Internal.o )

src/Pipes/Internal.hs:44:1: Warning:
    Module ‘Control.Monad.Error’ is deprecated:
      Use Control.Monad.Except instead

src/Pipes/Internal.hs:106:5: Warning:
    Rule "_bind (Request a' k) f" may never fire
      because ‘_bind’ might inline first
    Probable fix: add an INLINE[n] or NOINLINE[n] pragma on ‘_bind’

src/Pipes/Internal.hs:108:5: Warning:
    Rule "_bind (Respond b  k) f" may never fire
      because ‘_bind’ might inline first
    Probable fix: add an INLINE[n] or NOINLINE[n] pragma on ‘_bind’

src/Pipes/Internal.hs:110:5: Warning:
    Rule "_bind (M          m) f" may never fire
      because ‘_bind’ might inline first
    Probable fix: add an INLINE[n] or NOINLINE[n] pragma on ‘_bind’

src/Pipes/Internal.hs:112:5: Warning:
    Rule "_bind (Pure    r   ) f" may never fire
      because ‘_bind’ might inline first
    Probable fix: add an INLINE[n] or NOINLINE[n] pragma on ‘_bind’
[2 of 6] Compiling Pipes.Core       ( src/Pipes/Core.hs, .stack-work/dist/x86_64-linux/Cabal-1.18.1.3/build/Pipes/Core.o )

src/Pipes/Core.hs:307:5: Warning:
    Rule "(Request x' fx ) //> fb" may never fire
      because ‘//>’ might inline first
    Probable fix: add an INLINE[n] or NOINLINE[n] pragma on ‘//>’

src/Pipes/Core.hs:309:5: Warning:
    Rule "(Respond b  fb') //> fb" may never fire
      because ‘//>’ might inline first
    Probable fix: add an INLINE[n] or NOINLINE[n] pragma on ‘//>’

src/Pipes/Core.hs:311:5: Warning:
    Rule "(M          m  ) //> fb" may never fire
      because ‘//>’ might inline first
    Probable fix: add an INLINE[n] or NOINLINE[n] pragma on ‘//>’

src/Pipes/Core.hs:313:5: Warning:
    Rule "(Pure      a   ) //> fb" may never fire
      because ‘//>’ might inline first
    Probable fix: add an INLINE[n] or NOINLINE[n] pragma on ‘//>’

src/Pipes/Core.hs:420:5: Warning:
    Rule "fb' >\ (Request b' fb )" may never fire
      because ‘>\\’ might inline first
    Probable fix: add an INLINE[n] or NOINLINE[n] pragma on ‘>\\’

src/Pipes/Core.hs:422:5: Warning:
    Rule "fb' >\ (Respond x  fx')" may never fire
      because ‘>\\’ might inline first
    Probable fix: add an INLINE[n] or NOINLINE[n] pragma on ‘>\\’

src/Pipes/Core.hs:424:5: Warning:
    Rule "fb' >\ (M          m  )" may never fire
      because ‘>\\’ might inline first
    Probable fix: add an INLINE[n] or NOINLINE[n] pragma on ‘>\\’

src/Pipes/Core.hs:426:5: Warning:
    Rule "fb' >\ (Pure    a    )" may never fire
      because ‘>\\’ might inline first
    Probable fix: add an INLINE[n] or NOINLINE[n] pragma on ‘>\\’

src/Pipes/Core.hs:830:5: Warning:
    Rule "(p //> f) //> g" may never fire
      because ‘//>’ might inline first
    Probable fix: add an INLINE[n] or NOINLINE[n] pragma on ‘//>’

src/Pipes/Core.hs:832:5: Warning:
    Rule "p //> respond" may never fire
      because ‘//>’ might inline first
    Probable fix: add an INLINE[n] or NOINLINE[n] pragma on ‘//>’

src/Pipes/Core.hs:834:5: Warning:
    Rule "respond x //> f" may never fire
      because ‘//>’ might inline first
    Probable fix: add an INLINE[n] or NOINLINE[n] pragma on ‘//>’

src/Pipes/Core.hs:836:5: Warning:
    Rule "f >\ (g >\ p)" may never fire
      because ‘>\\’ might inline first
    Probable fix: add an INLINE[n] or NOINLINE[n] pragma on ‘>\\’

src/Pipes/Core.hs:838:5: Warning:
    Rule "request >\ p" may never fire because ‘>\\’ might inline first
    Probable fix: add an INLINE[n] or NOINLINE[n] pragma on ‘>\\’

src/Pipes/Core.hs:840:5: Warning:
    Rule "f >\ request x" may never fire
      because ‘>\\’ might inline first
    Probable fix: add an INLINE[n] or NOINLINE[n] pragma on ‘>\\’

src/Pipes/Core.hs:842:5: Warning:
    Rule "(p >>~ f) >>~ g" may never fire
      because ‘>>~’ might inline first
    Probable fix: add an INLINE[n] or NOINLINE[n] pragma on ‘>>~’

src/Pipes/Core.hs:844:5: Warning:
    Rule "p >>~ push" may never fire because ‘>>~’ might inline first
    Probable fix: add an INLINE[n] or NOINLINE[n] pragma on ‘>>~’

src/Pipes/Core.hs:846:5: Warning:
    Rule "push x >>~ f" may never fire because ‘>>~’ might inline first
    Probable fix: add an INLINE[n] or NOINLINE[n] pragma on ‘>>~’

src/Pipes/Core.hs:848:5: Warning:
    Rule "f +>> (g +>> p)" may never fire
      because ‘+>>’ might inline first
    Probable fix: add an INLINE[n] or NOINLINE[n] pragma on ‘+>>’

src/Pipes/Core.hs:850:5: Warning:
    Rule "pull +>> p" may never fire because ‘+>>’ might inline first
    Probable fix: add an INLINE[n] or NOINLINE[n] pragma on ‘+>>’

src/Pipes/Core.hs:852:5: Warning:
    Rule "f +>> pull x" may never fire because ‘+>>’ might inline first
    Probable fix: add an INLINE[n] or NOINLINE[n] pragma on ‘+>>’
[3 of 6] Compiling Pipes.Lift       ( src/Pipes/Lift.hs, .stack-work/dist/x86_64-linux/Cabal-1.18.1.3/build/Pipes/Lift.o )

src/Pipes/Lift.hs:50:1: Warning:
    Module ‘Control.Monad.Trans.Error’ is deprecated:
      Use Control.Monad.Trans.Except instead

src/Pipes/Lift.hs:81:18: Warning:
    In the use of type constructor or class ‘E.Error’
    (imported from Control.Monad.Trans.Error):
    Deprecated: "Use Control.Monad.Trans.Except instead"

src/Pipes/Lift.hs:83:25: Warning:
    In the use of type constructor or class ‘E.ErrorT’
    (imported from Control.Monad.Trans.Error):
    Deprecated: "Use Control.Monad.Trans.Except instead"

src/Pipes/Lift.hs:86:12: Warning:
    In the use of data constructor ‘E.ErrorT’
    (imported from Control.Monad.Trans.Error):
    Deprecated: "Use Control.Monad.Trans.Except instead"

src/Pipes/Lift.hs:91:18: Warning:
    In the use of type constructor or class ‘E.Error’
    (imported from Control.Monad.Trans.Error):
    Deprecated: "Use Control.Monad.Trans.Except instead"

src/Pipes/Lift.hs:92:25: Warning:
    In the use of type constructor or class ‘E.ErrorT’
    (imported from Control.Monad.Trans.Error):
    Deprecated: "Use Control.Monad.Trans.Except instead"

src/Pipes/Lift.hs:94:16: Warning:
    In the use of ‘E.runErrorT’
    (imported from Control.Monad.Trans.Error):
    Deprecated: "Use Control.Monad.Trans.Except instead"

src/Pipes/Lift.hs:99:18: Warning:
    In the use of type constructor or class ‘E.Error’
    (imported from Control.Monad.Trans.Error):
    Deprecated: "Use Control.Monad.Trans.Except instead"

src/Pipes/Lift.hs:100:25: Warning:
    In the use of type constructor or class ‘E.ErrorT’
    (imported from Control.Monad.Trans.Error):
    Deprecated: "Use Control.Monad.Trans.Except instead"

src/Pipes/Lift.hs:102:31: Warning:
    In the use of type constructor or class ‘E.ErrorT’
    (imported from Control.Monad.Trans.Error):
    Deprecated: "Use Control.Monad.Trans.Except instead"

src/Pipes/Lift.hs:104:25: Warning:
    In the use of type constructor or class ‘E.ErrorT’
    (imported from Control.Monad.Trans.Error):
    Deprecated: "Use Control.Monad.Trans.Except instead"

src/Pipes/Lift.hs:105:27: Warning:
    In the use of ‘E.runErrorT’
    (imported from Control.Monad.Trans.Error):
    Deprecated: "Use Control.Monad.Trans.Except instead"

src/Pipes/Lift.hs:106:5: Warning:
    In the use of ‘E.catchError’
    (imported from Control.Monad.Trans.Error):
    Deprecated: "Use Control.Monad.Trans.Except instead"
[4 of 6] Compiling Pipes            ( src/Pipes.hs, .stack-work/dist/x86_64-linux/Cabal-1.18.1.3/build/Pipes.o )

src/Pipes.hs:69:1: Warning:
    Module ‘Control.Monad.Error’ is deprecated:
      Use Control.Monad.Except instead

src/Pipes.hs:75:1: Warning:
    Module ‘Control.Monad.Trans.Error’ is deprecated:
      Use Control.Monad.Trans.Except instead

src/Pipes.hs:452:22: Warning:
    In the use of type constructor or class ‘ErrorT’
    (imported from Control.Monad.Trans.Error):
    Deprecated: "Use Control.Monad.Trans.Except instead"

src/Pipes.hs:454:21: Warning:
    In the use of ‘runErrorT’
    (imported from Control.Monad.Trans.Error):
    Deprecated: "Use Control.Monad.Trans.Except instead"

src/Pipes.hs:156:5: Warning:
    Rule "for (for p f) g" may never fire
      because ‘for’ might inline first
    Probable fix: add an INLINE[n] or NOINLINE[n] pragma on ‘for’

src/Pipes.hs:158:5: Warning:
    Rule "for p yield" may never fire because ‘for’ might inline first
    Probable fix: add an INLINE[n] or NOINLINE[n] pragma on ‘for’

src/Pipes.hs:160:5: Warning:
    Rule "for (yield x) f" may never fire
      because ‘for’ might inline first
    Probable fix: add an INLINE[n] or NOINLINE[n] pragma on ‘for’

src/Pipes.hs:162:5: Warning:
    Rule "for cat f" may never fire because ‘for’ might inline first
    Probable fix: add an INLINE[n] or NOINLINE[n] pragma on ‘for’

src/Pipes.hs:170:5: Warning:
    Rule "f >~ (g >~ p)" may never fire because ‘>~’ might inline first
    Probable fix: add an INLINE[n] or NOINLINE[n] pragma on ‘>~’

src/Pipes.hs:172:5: Warning:
    Rule "await >~ p" may never fire because ‘>~’ might inline first
    Probable fix: add an INLINE[n] or NOINLINE[n] pragma on ‘>~’

src/Pipes.hs:174:5: Warning:
    Rule "p >~ await" may never fire because ‘>~’ might inline first
    Probable fix: add an INLINE[n] or NOINLINE[n] pragma on ‘>~’

src/Pipes.hs:176:5: Warning:
    Rule "m >~ cat" may never fire because ‘>~’ might inline first
    Probable fix: add an INLINE[n] or NOINLINE[n] pragma on ‘>~’

src/Pipes.hs:184:5: Warning:
    Rule "p1 >-> (p2 >-> p3)" may never fire
      because ‘>->’ might inline first
    Probable fix: add an INLINE[n] or NOINLINE[n] pragma on ‘>->’

src/Pipes.hs:187:5: Warning:
    Rule "p >-> cat" may never fire because ‘>->’ might inline first
    Probable fix: add an INLINE[n] or NOINLINE[n] pragma on ‘>->’

src/Pipes.hs:189:5: Warning:
    Rule "cat >-> p" may never fire because ‘>->’ might inline first
    Probable fix: add an INLINE[n] or NOINLINE[n] pragma on ‘>->’
[5 of 6] Compiling Pipes.Prelude    ( src/Pipes/Prelude.hs, .stack-work/dist/x86_64-linux/Cabal-1.18.1.3/build/Pipes/Prelude.o )

src/Pipes/Prelude.hs:191:3: Warning:
    Rule "repeatM m >-> p" may never fire
      because ‘>->’ might inline first
    Probable fix: add an INLINE[n] or NOINLINE[n] pragma on ‘>->’

src/Pipes/Prelude.hs:241:5: Warning:
    Rule "p >-> print" may never fire because ‘>->’ might inline first
    Probable fix: add an INLINE[n] or NOINLINE[n] pragma on ‘>->’

src/Pipes/Prelude.hs:251:5: Warning:
    Rule "p >-> toHandle handle" may never fire
      because ‘>->’ might inline first
    Probable fix: add an INLINE[n] or NOINLINE[n] pragma on ‘>->’

src/Pipes/Prelude.hs:261:5: Warning:
    Rule "p >-> drain" may never fire because ‘>->’ might inline first
    Probable fix: add an INLINE[n] or NOINLINE[n] pragma on ‘>->’

src/Pipes/Prelude.hs:289:5: Warning:
    Rule "p >-> map f" may never fire because ‘>->’ might inline first
    Probable fix: add an INLINE[n] or NOINLINE[n] pragma on ‘>->’

src/Pipes/Prelude.hs:291:5: Warning:
    Rule "map f >-> p" may never fire because ‘>->’ might inline first
    Probable fix: add an INLINE[n] or NOINLINE[n] pragma on ‘>->’

src/Pipes/Prelude.hs:309:5: Warning:
    Rule "p >-> mapM f" may never fire because ‘>->’ might inline first
    Probable fix: add an INLINE[n] or NOINLINE[n] pragma on ‘>->’

src/Pipes/Prelude.hs:313:5: Warning:
    Rule "mapM f >-> p" may never fire because ‘>->’ might inline first
    Probable fix: add an INLINE[n] or NOINLINE[n] pragma on ‘>->’

src/Pipes/Prelude.hs:332:5: Warning:
    Rule "p >-> mapFoldable f" may never fire
      because ‘>->’ might inline first
    Probable fix: add an INLINE[n] or NOINLINE[n] pragma on ‘>->’

src/Pipes/Prelude.hs:347:5: Warning:
    Rule "p >-> filter predicate" may never fire
      because ‘>->’ might inline first
    Probable fix: add an INLINE[n] or NOINLINE[n] pragma on ‘>->’

src/Pipes/Prelude.hs:365:5: Warning:
    Rule "p >-> filterM predicate" may never fire
      because ‘>->’ might inline first
    Probable fix: add an INLINE[n] or NOINLINE[n] pragma on ‘>->’

src/Pipes/Prelude.hs:443:5: Warning:
    Rule "p >-> concat" may never fire because ‘>->’ might inline first
    Probable fix: add an INLINE[n] or NOINLINE[n] pragma on ‘>->’

src/Pipes/Prelude.hs:505:5: Warning:
    Rule "p >-> chain f" may never fire
      because ‘>->’ might inline first
    Probable fix: add an INLINE[n] or NOINLINE[n] pragma on ‘>->’

src/Pipes/Prelude.hs:509:5: Warning:
    Rule "chain f >-> p" may never fire
      because ‘>->’ might inline first
    Probable fix: add an INLINE[n] or NOINLINE[n] pragma on ‘>->’

src/Pipes/Prelude.hs:524:5: Warning:
    Rule "p >-> read" may never fire because ‘>->’ might inline first
    Probable fix: add an INLINE[n] or NOINLINE[n] pragma on ‘>->’
[6 of 6] Compiling Pipes.Tutorial   ( src/Pipes/Tutorial.hs, .stack-work/dist/x86_64-linux/Cabal-1.18.1.3/build/Pipes/Tutorial.o )

src/Pipes/Tutorial.hs:90:1: Warning:
    Module ‘Control.Monad.Trans.Error’ is deprecated:
      Use Control.Monad.Trans.Except instead
In-place registering pipes-4.1.5...
Installing library in
/home/anand/Development/as/backend/ws-as-instance/.stack-work/install/x86_64-linux/ghc-7.8/7.8.3/lib/x86_64-linux-ghc-7.8.3/pipes-4.1.5
Registering pipes-4.1.5...
